c:\users\user\source\repos\diabolique2\diabolique2\debug\vc142.pdb
c:\users\user\source\repos\diabolique2\diabolique2\debug\vc142.idb
c:\users\user\source\repos\diabolique2\diabolique2\debug\idiaboliqueconnection.obj
c:\users\user\source\repos\diabolique2\diabolique2\debug\idiabolique.obj
c:\users\user\source\repos\diabolique2\diabolique2\debug\windowsimporthide.obj
c:\users\user\source\repos\diabolique2\diabolique2\debug\rebuiltwindowsapi.obj
c:\users\user\source\repos\diabolique2\diabolique2\debug\cdiasocketpassthrough.obj
c:\users\user\source\repos\diabolique2\diabolique2\debug\smallz4.obj
c:\users\user\source\repos\diabolique2\diabolique2\debug\processcontroller.obj
c:\users\user\source\repos\diabolique2\diabolique2\debug\cdiabolqiueprocess.obj
c:\users\user\source\repos\diabolique2\diabolique2\debug\diabolique2.obj
c:\users\user\source\repos\diabolique2\diabolique2\debug\cwinsocksdatatransfer.obj
c:\users\user\source\repos\diabolique2\diabolique2\debug\cupdateableimagedisplay.obj
c:\users\user\source\repos\diabolique2\diabolique2\debug\csimplethreadpool.obj
c:\users\user\source\repos\diabolique2\diabolique2\debug\cpersistence.obj
c:\users\user\source\repos\diabolique2\diabolique2\debug\diabolique_system_messages.pb.obj
c:\users\user\source\repos\diabolique2\diabolique2\debug\diabolique_module_messages.pb.obj
c:\users\user\source\repos\diabolique2\diabolique2\debug\cdiascreencapture.obj
c:\users\user\source\repos\diabolique2\diabolique2\debug\ccurrentenviroment.obj
c:\users\user\source\repos\diabolique2\diabolique2\debug\windowsfuncs.obj
c:\users\user\source\repos\diabolique2\diabolique2\debug\petools.obj
c:\users\user\source\repos\diabolique2\diabolique2\debug\mapping.obj
c:\users\user\source\repos\diabolique2\diabolique2\debug\idiaboliqueserverinterface.obj
c:\users\user\source\repos\diabolique2\diabolique2\debug\cdiaboliqueserverclient.obj
c:\users\user\source\repos\diabolique2\diabolique2\debug\cdiaboliqueserver.obj
c:\users\user\source\repos\diabolique2\diabolique2\debug\idiaboliqueio.obj
c:\users\user\source\repos\diabolique2\diabolique2\debug\smallz4cat.obj
c:\users\user\source\repos\diabolique2\diabolique2\debug\miniz.obj
c:\users\user\source\repos\diabolique2\diabolique2\debug\fastlz.obj
c:\users\user\source\repos\diabolique2\diabolique2\debug\screenmelter.obj
c:\users\user\source\repos\diabolique2\diabolique2\debug\aes.obj
c:\users\user\source\repos\diabolique2\diabolique2\debug\aes_utils.obj
c:\users\user\source\repos\diabolique2\debug\diabolique2.exe
c:\users\user\source\repos\diabolique2\diabolique2\debug\diabolique2.ilk
c:\users\user\source\repos\diabolique2\debug\diabolique2.pdb
c:\users\user\source\repos\diabolique2\diabolique2\debug\diabolique2.res
c:\users\user\source\repos\diabolique2\diabolique2\debug\diabolique2.tlog\cl.command.1.tlog
c:\users\user\source\repos\diabolique2\diabolique2\debug\diabolique2.tlog\cl.read.1.tlog
c:\users\user\source\repos\diabolique2\diabolique2\debug\diabolique2.tlog\cl.write.1.tlog
c:\users\user\source\repos\diabolique2\diabolique2\debug\diabolique2.tlog\link.command.1.tlog
c:\users\user\source\repos\diabolique2\diabolique2\debug\diabolique2.tlog\link.read.1.tlog
c:\users\user\source\repos\diabolique2\diabolique2\debug\diabolique2.tlog\link.write.1.tlog
c:\users\user\source\repos\diabolique2\diabolique2\debug\diabolique2.tlog\rc.command.1.tlog
c:\users\user\source\repos\diabolique2\diabolique2\debug\diabolique2.tlog\rc.read.1.tlog
c:\users\user\source\repos\diabolique2\diabolique2\debug\diabolique2.tlog\rc.write.1.tlog
