c:\users\user\source\repos\diabolique2\diabolique2\releaseserver\vc142.pdb
c:\users\user\source\repos\diabolique2\diabolique2\releaseserver\idiaboliqueconnection.obj
c:\users\user\source\repos\diabolique2\diabolique2\releaseserver\idiabolique.obj
c:\users\user\source\repos\diabolique2\diabolique2\releaseserver\windowsimporthide.obj
c:\users\user\source\repos\diabolique2\diabolique2\releaseserver\rebuiltwindowsapi.obj
c:\users\user\source\repos\diabolique2\diabolique2\releaseserver\cdiasocketpassthrough.obj
c:\users\user\source\repos\diabolique2\diabolique2\releaseserver\smallz4.obj
c:\users\user\source\repos\diabolique2\diabolique2\releaseserver\processcontroller.obj
c:\users\user\source\repos\diabolique2\diabolique2\releaseserver\cdiabolqiueprocess.obj
c:\users\user\source\repos\diabolique2\diabolique2\releaseserver\diabolique2.obj
c:\users\user\source\repos\diabolique2\diabolique2\releaseserver\cwinsocksdatatransfer.obj
c:\users\user\source\repos\diabolique2\diabolique2\releaseserver\cupdateableimagedisplay.obj
c:\users\user\source\repos\diabolique2\diabolique2\releaseserver\csimplethreadpool.obj
c:\users\user\source\repos\diabolique2\diabolique2\releaseserver\cpersistence.obj
c:\users\user\source\repos\diabolique2\diabolique2\releaseserver\diabolique_system_messages.pb.obj
c:\users\user\source\repos\diabolique2\diabolique2\releaseserver\diabolique_module_messages.pb.obj
c:\users\user\source\repos\diabolique2\diabolique2\releaseserver\cdiascreencapture.obj
c:\users\user\source\repos\diabolique2\diabolique2\releaseserver\ccurrentenviroment.obj
c:\users\user\source\repos\diabolique2\diabolique2\releaseserver\windowsfuncs.obj
c:\users\user\source\repos\diabolique2\diabolique2\releaseserver\petools.obj
c:\users\user\source\repos\diabolique2\diabolique2\releaseserver\mapping.obj
c:\users\user\source\repos\diabolique2\diabolique2\releaseserver\idiaboliqueserverinterface.obj
c:\users\user\source\repos\diabolique2\diabolique2\releaseserver\cdiaboliqueserverclient.obj
c:\users\user\source\repos\diabolique2\diabolique2\releaseserver\cdiaboliqueserver.obj
c:\users\user\source\repos\diabolique2\diabolique2\releaseserver\idiaboliqueio.obj
c:\users\user\source\repos\diabolique2\diabolique2\releaseserver\smallz4cat.obj
c:\users\user\source\repos\diabolique2\diabolique2\releaseserver\miniz.obj
c:\users\user\source\repos\diabolique2\diabolique2\releaseserver\fastlz.obj
c:\users\user\source\repos\diabolique2\releaseserver\diabolique2.exe
c:\users\user\source\repos\diabolique2\diabolique2\releaseserver\diabolique2.iobj
c:\users\user\source\repos\diabolique2\releaseserver\diabolique2.pdb
c:\users\user\source\repos\diabolique2\diabolique2\releaseserver\diabolique2.res
c:\users\user\source\repos\diabolique2\diabolique2\releaseserver\diabolique2.tlog\cl.command.1.tlog
c:\users\user\source\repos\diabolique2\diabolique2\releaseserver\diabolique2.tlog\cl.read.1.tlog
c:\users\user\source\repos\diabolique2\diabolique2\releaseserver\diabolique2.tlog\cl.write.1.tlog
c:\users\user\source\repos\diabolique2\diabolique2\releaseserver\diabolique2.tlog\link.command.1.tlog
c:\users\user\source\repos\diabolique2\diabolique2\releaseserver\diabolique2.tlog\link.read.1.tlog
c:\users\user\source\repos\diabolique2\diabolique2\releaseserver\diabolique2.tlog\link.write.1.tlog
c:\users\user\source\repos\diabolique2\diabolique2\releaseserver\diabolique2.tlog\rc.command.1.tlog
c:\users\user\source\repos\diabolique2\diabolique2\releaseserver\diabolique2.tlog\rc.read.1.tlog
c:\users\user\source\repos\diabolique2\diabolique2\releaseserver\diabolique2.tlog\rc.write.1.tlog
