c:\users\user\source\repos\diabolique2\diabolique2\release\vc142.pdb
c:\users\user\source\repos\diabolique2\diabolique2\release\idiaboliqueconnection.obj
c:\users\user\source\repos\diabolique2\diabolique2\release\idiabolique.obj
c:\users\user\source\repos\diabolique2\diabolique2\release\windowsimporthide.obj
c:\users\user\source\repos\diabolique2\diabolique2\release\rebuiltwindowsapi.obj
c:\users\user\source\repos\diabolique2\diabolique2\release\cdiasocketpassthrough.obj
c:\users\user\source\repos\diabolique2\diabolique2\release\smallz4.obj
c:\users\user\source\repos\diabolique2\diabolique2\release\processcontroller.obj
c:\users\user\source\repos\diabolique2\diabolique2\release\cdiabolqiueprocess.obj
c:\users\user\source\repos\diabolique2\diabolique2\release\diabolique2.obj
c:\users\user\source\repos\diabolique2\diabolique2\release\cwinsocksdatatransfer.obj
c:\users\user\source\repos\diabolique2\diabolique2\release\cupdateableimagedisplay.obj
c:\users\user\source\repos\diabolique2\diabolique2\release\csimplethreadpool.obj
c:\users\user\source\repos\diabolique2\diabolique2\release\cpersistence.obj
c:\users\user\source\repos\diabolique2\diabolique2\release\diabolique_system_messages.pb.obj
c:\users\user\source\repos\diabolique2\diabolique2\release\diabolique_module_messages.pb.obj
c:\users\user\source\repos\diabolique2\diabolique2\release\cdiascreencapture.obj
c:\users\user\source\repos\diabolique2\diabolique2\release\ccurrentenviroment.obj
c:\users\user\source\repos\diabolique2\diabolique2\release\windowsfuncs.obj
c:\users\user\source\repos\diabolique2\diabolique2\release\petools.obj
c:\users\user\source\repos\diabolique2\diabolique2\release\mapping.obj
c:\users\user\source\repos\diabolique2\diabolique2\release\idiaboliqueserverinterface.obj
c:\users\user\source\repos\diabolique2\diabolique2\release\cdiaboliqueserverclient.obj
c:\users\user\source\repos\diabolique2\diabolique2\release\cdiaboliqueserver.obj
c:\users\user\source\repos\diabolique2\diabolique2\release\idiaboliqueio.obj
c:\users\user\source\repos\diabolique2\diabolique2\release\smallz4cat.obj
c:\users\user\source\repos\diabolique2\diabolique2\release\miniz.obj
c:\users\user\source\repos\diabolique2\diabolique2\release\fastlz.obj
c:\users\user\source\repos\diabolique2\diabolique2\release\screenmelter.obj
c:\users\user\source\repos\diabolique2\diabolique2\release\aes.obj
c:\users\user\source\repos\diabolique2\diabolique2\release\ctransferfiletask.obj
c:\users\user\source\repos\diabolique2\diabolique2\release\aes_utils.obj
c:\users\user\source\repos\diabolique2\diabolique2\release\pastebin.obj
c:\users\user\source\repos\diabolique2\diabolique2\release\cdiafiletransport.obj
c:\users\user\source\repos\diabolique2\release\diabolique2.exe
c:\users\user\source\repos\diabolique2\diabolique2\release\diabolique2.iobj
c:\users\user\source\repos\diabolique2\release\diabolique2.pdb
c:\users\user\source\repos\diabolique2\diabolique2\release\diabolique2.res
c:\users\user\source\repos\diabolique2\diabolique2\release\diabolique2.tlog\cl.command.1.tlog
c:\users\user\source\repos\diabolique2\diabolique2\release\diabolique2.tlog\cl.read.1.tlog
c:\users\user\source\repos\diabolique2\diabolique2\release\diabolique2.tlog\cl.write.1.tlog
c:\users\user\source\repos\diabolique2\diabolique2\release\diabolique2.tlog\link.command.1.tlog
c:\users\user\source\repos\diabolique2\diabolique2\release\diabolique2.tlog\link.read.1.tlog
c:\users\user\source\repos\diabolique2\diabolique2\release\diabolique2.tlog\link.write.1.tlog
c:\users\user\source\repos\diabolique2\diabolique2\release\diabolique2.tlog\rc.command.1.tlog
c:\users\user\source\repos\diabolique2\diabolique2\release\diabolique2.tlog\rc.read.1.tlog
c:\users\user\source\repos\diabolique2\diabolique2\release\diabolique2.tlog\rc.write.1.tlog
